\BOOKMARK [0][-]{Tytul.1.0}{\376\377\000T\000y\000t\000u\001\102}{}% 1
\BOOKMARK [0][-]{streszczenie.1.0}{\376\377\000S\000t\000r\000e\000s\000z\000c\000z\000e\000n\000i\000e}{}% 2
\BOOKMARK [0][-]{spisTresci.1.0}{\376\377\000S\000p\000i\000s\000\040\000t\000r\000e\001\133\000c\000i}{}% 3
\BOOKMARK [0][-]{spisRysunkow.1.0}{\376\377\000S\000p\000i\000s\000\040\000r\000y\000s\000u\000n\000k\000\363\000w}{}% 4
\BOOKMARK [0][-]{spisTabel.1.0}{\376\377\000S\000p\000i\000s\000\040\000t\000a\000b\000e\000l}{}% 5
\BOOKMARK [0][-]{chapter.1}{\376\377\000W\000s\000t\001\031\000p}{}% 6
\BOOKMARK [1][-]{section.1.1}{\376\377\000G\000e\000n\000e\000z\000a\000\040\000p\000r\000a\000c\000y}{chapter.1}% 7
\BOOKMARK [1][-]{section.1.2}{\376\377\000C\000e\000l\000\040\000i\000\040\000z\000a\000k\000r\000e\000s\000\040\000p\000r\000a\000c\000y}{chapter.1}% 8
\BOOKMARK [1][-]{section.1.3}{\376\377\000S\000t\000r\000u\000k\000t\000u\000r\000a\000\040\000p\000r\000a\000c\000y}{chapter.1}% 9
\BOOKMARK [0][-]{chapter.2}{\376\377\000W\000p\000r\000o\000w\000a\000d\000z\000e\000n\000i\000e\000\040\000t\000e\000o\000r\000e\000t\000y\000c\000z\000n\000e}{}% 10
\BOOKMARK [1][-]{section.2.1}{\376\377\000W\000y\000k\000o\000r\000z\000y\000s\000t\000y\000w\000a\000n\000e\000\040\000t\000e\000r\000m\000i\000n\000y}{chapter.2}% 11
\BOOKMARK [1][-]{section.2.2}{\376\377\000I\000n\000t\000e\000r\000f\000e\000j\000s\000y\000\040\000p\000r\000o\000g\000r\000a\000m\000o\000w\000a\000n\000i\000a\000\040\000a\000p\000l\000i\000k\000a\000c\000j\000i}{chapter.2}% 12
\BOOKMARK [1][-]{section.2.3}{\376\377\000T\000e\000s\000t\000o\000w\000a\000n\000i\000e\000\040\000o\000p\000r\000o\000g\000r\000a\000m\000o\000w\000a\000n\000i\000a}{chapter.2}% 13
\BOOKMARK [1][-]{section.2.4}{\376\377\000W\000y\000k\000o\000r\000z\000y\000s\000t\000y\000w\000a\000n\000e\000\040\000n\000a\000r\000z\001\031\000d\000z\000i\000a\000\040\000i\000\040\000t\000e\000c\000h\000n\000o\000l\000o\000g\000i\000e}{chapter.2}% 14
\BOOKMARK [1][-]{section.2.5}{\376\377\000P\000r\000z\000e\000g\000l\001\005\000d\000\040\000l\000i\000t\000e\000r\000a\000t\000u\000r\000y}{chapter.2}% 15
\BOOKMARK [0][-]{chapter.3}{\376\377\000O\000p\000i\000s\000\040\000p\000r\000o\000b\000l\000e\000m\000u\000\040\000b\000a\000d\000a\000w\000c\000z\000e\000g\000o}{}% 16
\BOOKMARK [1][-]{section.3.1}{\376\377\000P\000r\000z\000e\000d\000s\000t\000a\000w\000i\000e\000n\000i\000e\000\040\000a\000s\000p\000e\000k\000t\000\363\000w\000\040\000p\000r\000o\000b\000l\000e\000m\000u\000\040\000b\000a\000d\000a\000w\000c\000z\000e\000g\000o}{chapter.3}% 17
\BOOKMARK [1][-]{section.3.2}{\376\377\000S\000f\000o\000r\000m\000u\001\102\000o\000w\000a\000n\000i\000e\000\040\000s\000c\000e\000n\000a\000r\000i\000u\000s\000z\000y\000\040\000b\000a\000d\000a\000w\000c\000z\000y\000c\000h}{chapter.3}% 18
\BOOKMARK [0][-]{chapter.4}{\376\377\000I\000m\000p\000l\000e\000m\000e\000n\000t\000a\000c\000j\000a\000\040\001\133\000r\000o\000d\000o\000w\000i\000s\000k\000a\000\040\000b\000a\000d\000a\000w\000c\000z\000e\000g\000o}{}% 19
\BOOKMARK [1][-]{section.4.1}{\376\377\000R\000e\000a\000l\000i\000z\000a\000c\000j\000a\000\040\000t\000o\000p\000o\000l\000o\000g\000i\000i\000\040\000f\000i\000z\000y\000c\000z\000n\000y\000c\000h}{chapter.4}% 20
\BOOKMARK [1][-]{section.4.2}{\376\377\000B\000u\000d\000o\000w\000a\000\040\000i\000n\000t\000e\000r\000f\000e\000j\000s\000\363\000w\000\040\000p\000r\000o\000g\000r\000a\000m\000o\000w\000a\000n\000i\000a\000\040\000a\000p\000l\000i\000k\000a\000c\000j\000i}{chapter.4}% 21
\BOOKMARK [1][-]{section.4.3}{\376\377\000K\000o\000n\000f\000i\000g\000u\000r\000a\000c\000j\000a\000\040\000g\000e\000n\000e\000r\000y\000c\000z\000n\000y\000c\000h\000\040\000o\000r\000a\000z\000\040\000d\000e\000d\000y\000k\000o\000w\000a\000n\000y\000c\000h\000\040\000p\000l\000a\000t\000f\000o\000r\000m\000\040\000c\000h\000m\000u\000r\000o\000w\000y\000c\000h}{chapter.4}% 22
\BOOKMARK [1][-]{section.4.4}{\376\377\000K\000o\000n\000f\000i\000g\000u\000r\000a\000c\000j\000a\000\040\000n\000a\000r\000z\001\031\000d\000z\000i\000a\000\040\000d\000o\000\040\000r\000e\000a\000l\000i\000z\000a\000c\000j\000i\000\040\000b\000a\000d\000a\001\104}{chapter.4}% 23
\BOOKMARK [0][-]{chapter.5}{\376\377\000B\000a\000d\000a\000n\000i\000a\000\040\000e\000k\000s\000p\000e\000r\000y\000m\000e\000n\000t\000a\000l\000n\000e}{}% 24
\BOOKMARK [1][-]{section.5.1}{\376\377\000W\000p\001\102\000y\000w\000\040\000z\000a\000s\000t\000o\000s\000o\000w\000a\000n\000e\000g\000o\000\040\000s\000y\000s\000t\000e\000m\000u\000\040\000b\000a\000z\000o\000d\000a\000n\000o\000w\000e\000g\000o\000\040\000n\000a\000\040\000e\000f\000e\000k\000t\000y\000w\000n\000o\001\133\001\007\000\040\000d\000z\000i\000a\001\102\000a\000n\000i\000a\000\040\000i\000n\000t\000e\000r\000f\000e\000j\000s\000u\000\040\000A\000P\000I}{chapter.5}% 25
\BOOKMARK [1][-]{section.5.2}{\376\377\000W\000p\001\102\000y\000w\000\040\000z\000a\000s\000t\000o\000s\000o\000w\000a\000n\000e\000j\000\040\000t\000e\000c\000h\000n\000o\000l\000o\000g\000i\000i\000\040\000n\000a\000\040\000w\000y\000d\000a\000j\000n\000o\001\133\001\007\000\040\000r\000e\000a\000l\000i\000z\000a\000c\000j\000i\000\040\000o\000p\000e\000r\000a\000c\000j\000i\000\040\000w\000s\000p\000\363\001\102\000b\000i\000e\001\174\000n\000y\000c\000h}{chapter.5}% 26
\BOOKMARK [1][-]{section.5.3}{\376\377\000W\000p\001\102\000y\000w\000\040\000z\000a\000s\000t\000o\000s\000o\000w\000a\000n\000e\000j\000\040\000t\000e\000c\000h\000n\000o\000l\000o\000g\000i\000i\000\040\000n\000a\000\040\000e\000f\000e\000k\000t\000y\000w\000n\000o\001\133\001\007\000\040\000o\000b\000s\001\102\000u\000g\000i\000\040\000o\000p\000e\000r\000a\000c\000j\000i\000\040\000a\000s\000y\000n\000c\000h\000r\000o\000n\000i\000c\000z\000n\000y\000c\000h}{chapter.5}% 27
\BOOKMARK [1][-]{section.5.4}{\376\377\000W\000p\001\102\000y\000w\000\040\000i\000m\000p\000l\000e\000m\000e\000n\000t\000a\000c\000j\000i\000\040\000w\000z\000o\000r\000c\000a\000\040\000p\000r\000o\000j\000e\000k\000t\000o\000w\000e\000g\000o\000\040\000C\000Q\000R\000S\000\040\000n\000a\000\040\000w\000y\000d\000a\000j\000n\000o\001\133\001\007\000\040\000o\000b\000s\001\102\000u\000g\000i\000\040\001\174\001\005\000d\000a\000n\000i\000a}{chapter.5}% 28
\BOOKMARK [1][-]{section.5.5}{\376\377\000P\000o\000r\000\363\000w\000n\000a\000n\000i\000e\000\040\000e\000f\000e\000k\000t\000y\000w\000n\000o\001\133\000c\000i\000\040\000o\000b\000s\001\102\000u\000g\000i\000\040\000z\000a\000p\000y\000t\000a\001\104\000\040\000d\000l\000a\000\040\000o\000d\000m\000i\000e\000n\000n\000y\000c\000h\000\040\000m\000e\000c\000h\000a\000n\000i\000z\000m\000\363\000w\000\040\000p\000a\000m\000i\001\031\000c\000i\000\040\000p\000o\000d\000r\001\031\000c\000z\000n\000e\000j}{chapter.5}% 29
\BOOKMARK [1][-]{section.5.6}{\376\377\000Z\000m\000i\000e\000n\000n\000o\001\133\001\007\000\040\000w\000y\000d\000a\000j\000n\000o\001\133\000c\000i\000\040\000a\000p\000i\000\040\000w\000d\000r\000o\001\174\000o\000n\000e\000g\000o\000\040\000n\000a\000\040\000g\000e\000n\000e\000r\000y\000c\000z\000n\000e\000j\000\040\000o\000r\000a\000z\000\040\000d\000e\000d\000y\000k\000o\000w\000a\000n\000e\000j\000\040\000p\000l\000a\000t\000f\000o\000r\000m\000i\000e\000\040\000c\000h\000m\000u\000r\000o\000w\000e\000j}{chapter.5}% 30
\BOOKMARK [0][-]{chapter.6}{\376\377\000P\000o\000d\000s\000u\000m\000o\000w\000a\000n\000i\000e}{}% 31
\BOOKMARK [1][-]{section.6.1}{\376\377\000U\000z\000y\000s\000k\000a\000n\000e\000\040\000e\000f\000e\000k\000t\000y\000\040\000p\000r\000a\000c\000y}{chapter.6}% 32
\BOOKMARK [1][-]{section.6.2}{\376\377\000P\000e\000r\000s\000p\000e\000k\000t\000y\000w\000y\000\040\000r\000o\000z\000w\000o\000j\000u\000\040\000b\000a\000d\000a\001\104}{chapter.6}% 33
\BOOKMARK [0][-]{chapter*.88}{\376\377\000L\000i\000t\000e\000r\000a\000t\000u\000r\000a}{}% 34
